Performing C SOURCE FILE Test CMAKE_HAVE_LIBC_PTHREAD failed with the following output:
Change Dir: /media/hao/KESU/temp/vgd/1-A-2025/培训2025/opencv/Z-opencv/code/demo-gpu/build/CMakeFiles/CMakeTmp

Run Build Command(s):/usr/bin/make -f Makefile cmTC_603aa/fast && /usr/bin/make  -f CMakeFiles/cmTC_603aa.dir/build.make CMakeFiles/cmTC_603aa.dir/build
make[1]: Entering directory '/media/hao/KESU/temp/vgd/1-A-2025/培训2025/opencv/Z-opencv/code/demo-gpu/build/CMakeFiles/CMakeTmp'
Building C object CMakeFiles/cmTC_603aa.dir/src.c.o
/usr/bin/cc -DCMAKE_HAVE_LIBC_PTHREAD  -fPIC  -o CMakeFiles/cmTC_603aa.dir/src.c.o -c /media/hao/KESU/temp/vgd/1-A-2025/培训2025/opencv/Z-opencv/code/demo-gpu/build/CMakeFiles/CMakeTmp/src.c
Linking C executable cmTC_603aa
/opt/cmake/cmake-3.22.0/bin/cmake -E cmake_link_script CMakeFiles/cmTC_603aa.dir/link.txt --verbose=1
/usr/bin/cc -fPIC  CMakeFiles/cmTC_603aa.dir/src.c.o -o cmTC_603aa 
/usr/bin/ld: CMakeFiles/cmTC_603aa.dir/src.c.o: in function `main':
src.c:(.text+0x46): undefined reference to `pthread_create'
/usr/bin/ld: src.c:(.text+0x52): undefined reference to `pthread_detach'
/usr/bin/ld: src.c:(.text+0x5e): undefined reference to `pthread_cancel'
/usr/bin/ld: src.c:(.text+0x6f): undefined reference to `pthread_join'
collect2: error: ld returned 1 exit status
make[1]: *** [CMakeFiles/cmTC_603aa.dir/build.make:99: cmTC_603aa] Error 1
make[1]: Leaving directory '/media/hao/KESU/temp/vgd/1-A-2025/培训2025/opencv/Z-opencv/code/demo-gpu/build/CMakeFiles/CMakeTmp'
make: *** [Makefile:127: cmTC_603aa/fast] Error 2


Source file was:
#include <pthread.h>

static void* test_func(void* data)
{
  return data;
}

int main(void)
{
  pthread_t thread;
  pthread_create(&thread, NULL, test_func, NULL);
  pthread_detach(thread);
  pthread_cancel(thread);
  pthread_join(thread, NULL);
  pthread_atfork(NULL, NULL, NULL);
  pthread_exit(NULL);

  return 0;
}

Determining if the function pthread_create exists in the pthreads failed with the following output:
Change Dir: /media/hao/KESU/temp/vgd/1-A-2025/培训2025/opencv/Z-opencv/code/demo-gpu/build/CMakeFiles/CMakeTmp

Run Build Command(s):/usr/bin/make -f Makefile cmTC_aa6b4/fast && /usr/bin/make  -f CMakeFiles/cmTC_aa6b4.dir/build.make CMakeFiles/cmTC_aa6b4.dir/build
make[1]: Entering directory '/media/hao/KESU/temp/vgd/1-A-2025/培训2025/opencv/Z-opencv/code/demo-gpu/build/CMakeFiles/CMakeTmp'
Building C object CMakeFiles/cmTC_aa6b4.dir/CheckFunctionExists.c.o
/usr/bin/cc   -fPIC -DCHECK_FUNCTION_EXISTS=pthread_create -o CMakeFiles/cmTC_aa6b4.dir/CheckFunctionExists.c.o -c /opt/cmake/cmake-3.22.0/share/cmake-3.22/Modules/CheckFunctionExists.c
Linking C executable cmTC_aa6b4
/opt/cmake/cmake-3.22.0/bin/cmake -E cmake_link_script CMakeFiles/cmTC_aa6b4.dir/link.txt --verbose=1
/usr/bin/cc -fPIC -DCHECK_FUNCTION_EXISTS=pthread_create CMakeFiles/cmTC_aa6b4.dir/CheckFunctionExists.c.o -o cmTC_aa6b4  -lpthreads 
/usr/bin/ld: cannot find -lpthreads
collect2: error: ld returned 1 exit status
make[1]: *** [CMakeFiles/cmTC_aa6b4.dir/build.make:99: cmTC_aa6b4] Error 1
make[1]: Leaving directory '/media/hao/KESU/temp/vgd/1-A-2025/培训2025/opencv/Z-opencv/code/demo-gpu/build/CMakeFiles/CMakeTmp'
make: *** [Makefile:127: cmTC_aa6b4/fast] Error 2



