detect.obj : error LNK2019: 无法解析的外部符号 "void __cdecl cv::error(int,class std::basic_string<char,struct std::char_traits<char>,class std::allocator<char> > const &,char const *,char const *,int)" (?error@cv@@YAXHABV?$basic_string@DU?$char_traits@D@std@@V?$allocator@D@2@@std@@PBD1H@Z)，函数 "public: unsigned char & __thiscall cv::Mat::at<unsigned char>(int)" (??$at@E@Mat@cv@@QAEAAEH@Z) 中引用了该符号
detect.obj : error LNK2019: 无法解析的外部符号 "public: void __thiscall cv::RotatedRect::points(class cv::Point_<float> * const)const " (?points@RotatedRect@cv@@QBEXQAV?$Point_@M@2@@Z)，函数 "void __cdecl drawBox1(class std::vector<class cv::RotatedRect,class std::allocator<class cv::RotatedRect> > &,class cv::Mat &,class cv::Mat &)" (?drawBox1@@YAXAAV?$vector@VRotatedRect@cv@@V?$allocator@VRotatedRect@cv@@@std@@@std@@AAVMat@cv@@1@Z) 中引用了该符号
detect.obj : error LNK2019: 无法解析的外部符号 "public: __thiscall cv::Mat::Mat(void)" (??0Mat@cv@@QAE@XZ)，函数 "public: __thiscall cv::MatExpr::operator class cv::Mat(void)const " (??BMatExpr@cv@@QBE?AVMat@1@XZ) 中引用了该符号
detect.obj : error LNK2019: 无法解析的外部符号 "public: __thiscall cv::Mat::Mat(int,int,int)" (??0Mat@cv@@QAE@HHH@Z)，函数 "class cv::Mat __cdecl Adjust_Bright(class cv::Mat)" (?Adjust_Bright@@YA?AVMat@cv@@V12@@Z) 中引用了该符号
detect.obj : error LNK2019: 无法解析的外部符号 "public: __thiscall cv::Mat::Mat(class cv::Mat const &)" (??0Mat@cv@@QAE@ABV01@@Z)，函数 _main 中引用了该符号
detect.obj : error LNK2019: 无法解析的外部符号 "public: __thiscall cv::Mat::~Mat(void)" (??1Mat@cv@@QAE@XZ)，函数 "public: __thiscall cv::MatExpr::~MatExpr(void)" (??1MatExpr@cv@@QAE@XZ) 中引用了该符号
detect.obj : error LNK2019: 无法解析的外部符号 "public: static class cv::MatExpr __cdecl cv::Mat::zeros(class cv::Size_<int>,int)" (?zeros@Mat@cv@@SA?AVMatExpr@2@V?$Size_@H@2@H@Z)，函数 "class cv::Mat __cdecl Adjust_Bright(class cv::Mat)" (?Adjust_Bright@@YA?AVMat@cv@@V12@@Z) 中引用了该符号
detect.obj : error LNK2019: 无法解析的外部符号 "public: bool __thiscall cv::Mat::empty(void)const " (?empty@Mat@cv@@QBE_NXZ)，函数 _main 中引用了该符号
detect.obj : error LNK2019: 无法解析的外部符号 "public: __thiscall cv::Mat::Mat(class cv::Mat &&)" (??0Mat@cv@@QAE@$$QAV01@@Z)，函数 "public: __thiscall cv::MatExpr::operator class cv::Mat(void)const " (??BMatExpr@cv@@QBE?AVMat@1@XZ) 中引用了该符号
detect.obj : error LNK2019: 无法解析的外部符号 "public: class cv::Mat & __thiscall cv::Mat::operator=(class cv::Mat &&)" (??4Mat@cv@@QAEAAV01@$$QAV01@@Z)，函数 _main 中引用了该符号
detect.obj : error LNK2019: 无法解析的外部符号 "class cv::MatExpr __cdecl cv::operator-(class cv::Mat const &,class cv::Mat const &)" (??Gcv@@YA?AVMatExpr@0@ABVMat@0@0@Z)，函数 "class cv::Mat __cdecl Threshold_Demo(class cv::Mat)" (?Threshold_Demo@@YA?AVMat@cv@@V12@@Z) 中引用了该符号
detect.obj : error LNK2019: 无法解析的外部符号 "class cv::MatExpr __cdecl cv::operator*(class cv::MatExpr const &,double)" (??Dcv@@YA?AVMatExpr@0@ABV10@N@Z)，函数 "class cv::Mat __cdecl Threshold_Demo(class cv::Mat)" (?Threshold_Demo@@YA?AVMat@cv@@V12@@Z) 中引用了该符号
detect.obj : error LNK2019: 无法解析的外部符号 "void __cdecl cv::LUT(class cv::debug_build_guard::_InputArray const &,class cv::debug_build_guard::_InputArray const &,class cv::debug_build_guard::_OutputArray const &)" (?LUT@cv@@YAXABV_InputArray@debug_build_guard@1@0ABV_OutputArray@31@@Z)，函数 "class cv::Mat __cdecl Adjust_Bright(class cv::Mat)" (?Adjust_Bright@@YA?AVMat@cv@@V12@@Z) 中引用了该符号
detect.obj : error LNK2019: 无法解析的外部符号 "void __cdecl cv::split(class cv::Mat const &,class cv::Mat *)" (?split@cv@@YAXABVMat@1@PAV21@@Z)，函数 "class cv::Mat __cdecl Threshold_Demo(class cv::Mat)" (?Threshold_Demo@@YA?AVMat@cv@@V12@@Z) 中引用了该符号
detect.obj : error LNK2019: 无法解析的外部符号 "public: __thiscall cv::VideoCapture::VideoCapture(class std::basic_string<char,struct std::char_traits<char>,class std::allocator<char> > const &,int)" (??0VideoCapture@cv@@QAE@ABV?$basic_string@DU?$char_traits@D@std@@V?$allocator@D@2@@std@@H@Z)，函数 _main 中引用了该符号
detect.obj : error LNK2019: 无法解析的外部符号 "public: virtual __thiscall cv::VideoCapture::~VideoCapture(void)" (??1VideoCapture@cv@@UAE@XZ)，函数 _main 中引用了该符号
detect.obj : error LNK2019: 无法解析的外部符号 "void __cdecl cv::namedWindow(class std::basic_string<char,struct std::char_traits<char>,class std::allocator<char> > const &,int)" (?namedWindow@cv@@YAXABV?$basic_string@DU?$char_traits@D@std@@V?$allocator@D@2@@std@@H@Z)，函数 _main 中引用了该符号
detect.obj : error LNK2019: 无法解析的外部符号 "int __cdecl cv::waitKey(int)" (?waitKey@cv@@YAHH@Z)，函数 _main 中引用了该符号
detect.obj : error LNK2019: 无法解析的外部符号 "void __cdecl cv::imshow(class std::basic_string<char,struct std::char_traits<char>,class std::allocator<char> > const &,class cv::debug_build_guard::_InputArray const &)" (?imshow@cv@@YAXABV?$basic_string@DU?$char_traits@D@std@@V?$allocator@D@2@@std@@ABV_InputArray@debug_build_guard@1@@Z)，函数 _main 中引用了该符号
detect.obj : error LNK2019: 无法解析的外部符号 "class cv::Mat __cdecl cv::getStructuringElement(int,class cv::Size_<int>,class cv::Point_<int>)" (?getStructuringElement@cv@@YA?AVMat@1@HV?$Size_@H@1@V?$Point_@H@1@@Z)，函数 "class cv::Mat __cdecl Threshold_Demo(class cv::Mat)" (?Threshold_Demo@@YA?AVMat@cv@@V12@@Z) 中引用了该符号
detect.obj : error LNK2019: 无法解析的外部符号 "void __cdecl cv::blur(class cv::debug_build_guard::_InputArray const &,class cv::debug_build_guard::_OutputArray const &,class cv::Size_<int>,class cv::Point_<int>,int)" (?blur@cv@@YAXABV_InputArray@debug_build_guard@1@ABV_OutputArray@31@V?$Size_@H@1@V?$Point_@H@1@H@Z)，函数 "class cv::Mat __cdecl Threshold_Demo(class cv::Mat)" (?Threshold_Demo@@YA?AVMat@cv@@V12@@Z) 中引用了该符号
detect.obj : error LNK2019: 无法解析的外部符号 "void __cdecl cv::dilate(class cv::debug_build_guard::_InputArray const &,class cv::debug_build_guard::_OutputArray const &,class cv::debug_build_guard::_InputArray const &,class cv::Point_<int>,int,int,class cv::Scalar_<double> const &)" (?dilate@cv@@YAXABV_InputArray@debug_build_guard@1@ABV_OutputArray@31@0V?$Point_@H@1@HHABV?$Scalar_@N@1@@Z)，函数 "class cv::Mat __cdecl Threshold_Demo(class cv::Mat)" (?Threshold_Demo@@YA?AVMat@cv@@V12@@Z) 中引用了该符号
detect.obj : error LNK2019: 无法解析的外部符号 "double __cdecl cv::threshold(class cv::debug_build_guard::_InputArray const &,class cv::debug_build_guard::_OutputArray const &,double,double,int)" (?threshold@cv@@YANABV_InputArray@debug_build_guard@1@ABV_OutputArray@31@NNH@Z)，函数 "class cv::Mat __cdecl Threshold_Demo(class cv::Mat)" (?Threshold_Demo@@YA?AVMat@cv@@V12@@Z) 中引用了该符号
detect.obj : error LNK2019: 无法解析的外部符号 "void __cdecl cv::findContours(class cv::debug_build_guard::_InputArray const &,class cv::debug_build_guard::_OutputArray const &,int,int,class cv::Point_<int>)" (?findContours@cv@@YAXABV_InputArray@debug_build_guard@1@ABV_OutputArray@31@HHV?$Point_@H@1@@Z)，函数 "bool __cdecl Found_Contour(class cv::Mat,class std::vector<class cv::RotatedRect,class std::allocator<class cv::RotatedRect> > &)" (?Found_Contour@@YA_NVMat@cv@@AAV?$vector@VRotatedRect@cv@@V?$allocator@VRotatedRect@cv@@@std@@@std@@@Z) 中引用了该符号
detect.obj : error LNK2019: 无法解析的外部符号 "double __cdecl cv::contourArea(class cv::debug_build_guard::_InputArray const &,bool)" (?contourArea@cv@@YANABV_InputArray@debug_build_guard@1@_N@Z)，函数 "bool __cdecl Found_Contour(class cv::Mat,class std::vector<class cv::RotatedRect,class std::allocator<class cv::RotatedRect> > &)" (?Found_Contour@@YA_NVMat@cv@@AAV?$vector@VRotatedRect@cv@@V?$allocator@VRotatedRect@cv@@@std@@@std@@@Z) 中引用了该符号
detect.obj : error LNK2019: 无法解析的外部符号 "class cv::RotatedRect __cdecl cv::fitEllipse(class cv::debug_build_guard::_InputArray const &)" (?fitEllipse@cv@@YA?AVRotatedRect@1@ABV_InputArray@debug_build_guard@1@@Z)，函数 "bool __cdecl Found_Contour(class cv::Mat,class std::vector<class cv::RotatedRect,class std::allocator<class cv::RotatedRect> > &)" (?Found_Contour@@YA_NVMat@cv@@AAV?$vector@VRotatedRect@cv@@V?$allocator@VRotatedRect@cv@@@std@@@std@@@Z) 中引用了该符号
detect.obj : error LNK2019: 无法解析的外部符号 "void __cdecl cv::line(class cv::debug_build_guard::_InputOutputArray const &,class cv::Point_<int>,class cv::Point_<int>,class cv::Scalar_<double> const &,int,int,int)" (?line@cv@@YAXABV_InputOutputArray@debug_build_guard@1@V?$Point_@H@1@1ABV?$Scalar_@N@1@HHH@Z)，函数 "void __cdecl drawBox1(class std::vector<class cv::RotatedRect,class std::allocator<class cv::RotatedRect> > &,class cv::Mat &,class cv::Mat &)" (?drawBox1@@YAXAAV?$vector@VRotatedRect@cv@@V?$allocator@VRotatedRect@cv@@@std@@@std@@AAVMat@cv@@1@Z) 中引用了该符号
D:\opencv4.5.5\opencv\build\x64\vc15\lib\opencv_world455d.lib : warning LNK4272: 库计算机类型“x64”与目标计算机类型“x86”冲突
G:\temp\vgd-before\new\detect--tradition\detect\Debug\detect.exe : fatal error LNK1120: 27 个无法解析的外部命令
